<?xml version="1.0" encoding="UTF-8"?>
<!-- Generated by org.testng.reporters.JUnitReportReporter -->
<testsuite hostname="cit-dt-023" name="com.CrossoverTechTrial.Businessscripts.CrossoverTechEditPostTestcases" tests="1" failures="0" timestamp="24 Aug 2017 14:14:45 GMT" time="26.668" errors="0">
  <testcase name="EditPostscriptExecution" time="26.668" classname="com.CrossoverTechTrial.Businessscripts.CrossoverTechEditPostTestcases"/>
</testsuite> <!-- com.CrossoverTechTrial.Businessscripts.CrossoverTechEditPostTestcases -->
