<?xml version="1.0" encoding="UTF-8"?>
<!-- Generated by org.testng.reporters.JUnitReportReporter -->
<testsuite hostname="cit-dt-023" name="com.CrossoverTechTrial.Businessscripts.CrossoverTechCreateNewPostTestcases" tests="1" failures="0" timestamp="24 Aug 2017 14:14:45 GMT" time="21.573" errors="0">
  <testcase name="CreateNewPostscriptExecution" time="21.573" classname="com.CrossoverTechTrial.Businessscripts.CrossoverTechCreateNewPostTestcases"/>
</testsuite> <!-- com.CrossoverTechTrial.Businessscripts.CrossoverTechCreateNewPostTestcases -->
