<?xml version="1.0" encoding="UTF-8"?>
<!-- Generated by org.testng.reporters.JUnitReportReporter -->
<testsuite hostname="cit-dt-023" name="com.CrossoverTechTrial.Businessscripts.CrossoverTechDeleteTestcases" tests="1" failures="0" timestamp="24 Aug 2017 14:14:45 GMT" time="15.222" errors="0">
  <testcase name="DeletePostscriptExecution" time="15.222" classname="com.CrossoverTechTrial.Businessscripts.CrossoverTechDeleteTestcases"/>
</testsuite> <!-- com.CrossoverTechTrial.Businessscripts.CrossoverTechDeleteTestcases -->
