<?xml version="1.0" encoding="UTF-8"?>
<!-- Generated by org.testng.reporters.JUnitReportReporter -->
<testsuite hostname="CIT-DT-025" name="com.CrossoverTechTrial.Businessscripts.CrossoverTechDeleteTestcases" tests="1" failures="0" timestamp="22 Aug 2017 07:34:13 GMT" time="15.009" errors="0">
  <testcase name="DeletePostscriptExecution" time="15.009" classname="com.CrossoverTechTrial.Businessscripts.CrossoverTechDeleteTestcases"/>
</testsuite> <!-- com.CrossoverTechTrial.Businessscripts.CrossoverTechDeleteTestcases -->
