<?xml version="1.0" encoding="UTF-8"?>
<!-- Generated by org.testng.reporters.JUnitReportReporter -->
<testsuite hostname="CIT-DT-025" name="com.CrossoverTechTrial.Businessscripts.CrossoverTechEditPostTestcases" tests="1" failures="0" timestamp="22 Aug 2017 07:31:48 GMT" time="26.118" errors="0">
  <testcase name="EditPostscriptExecution" time="26.118" classname="com.CrossoverTechTrial.Businessscripts.CrossoverTechEditPostTestcases"/>
</testsuite> <!-- com.CrossoverTechTrial.Businessscripts.CrossoverTechEditPostTestcases -->
