<?xml version="1.0" encoding="UTF-8"?>
<!-- Generated by org.testng.reporters.JUnitReportReporter -->
<testsuite hostname="cit-dt-030" name="com.CrossoverTechTrial.Businessscripts.CrossoverTechLoginTestcases" tests="1" failures="0" timestamp="5 Aug 2017 11:10:08 GMT" time="21.843" errors="0">
  <testcase name="scriptExecution" time="21.843" classname="com.CrossoverTechTrial.Businessscripts.CrossoverTechLoginTestcases"/>
</testsuite> <!-- com.CrossoverTechTrial.Businessscripts.CrossoverTechLoginTestcases -->
