<?xml version="1.0" encoding="UTF-8"?>
<!-- Generated by org.testng.reporters.JUnitReportReporter -->
<testsuite hostname="CIT-DT-025" name="com.CrossoverTechTrial.Businessscripts.CrossoverTechEditPostTestcases" tests="1" failures="0" timestamp="22 Aug 2017 08:17:16 GMT" time="25.854" errors="0">
  <testcase name="EditPostscriptExecution" time="25.854" classname="com.CrossoverTechTrial.Businessscripts.CrossoverTechEditPostTestcases"/>
</testsuite> <!-- com.CrossoverTechTrial.Businessscripts.CrossoverTechEditPostTestcases -->
