<?xml version="1.0" encoding="UTF-8"?>
<!-- Generated by org.testng.reporters.JUnitReportReporter -->
<testsuite hostname="CIT-DT-025" name="com.CrossoverTechTrial.Businessscripts.CrossoverTechCreateNewPostTestcases" tests="1" failures="0" timestamp="22 Aug 2017 08:17:16 GMT" time="20.413" errors="0">
  <testcase name="CreateNewPostscriptExecution" time="20.413" classname="com.CrossoverTechTrial.Businessscripts.CrossoverTechCreateNewPostTestcases"/>
</testsuite> <!-- com.CrossoverTechTrial.Businessscripts.CrossoverTechCreateNewPostTestcases -->
